SLURM_JOBID:  9571358
SLURM_ARRAY_JOB_ID:  9571357
SLURM_ARRAY_TASK_ID:  0
nvcc: NVIDIA (R) Cuda compiler driver
Copyright (c) 2005-2020 NVIDIA Corporation
Built on Mon_Oct_12_20:09:46_PDT_2020
Cuda compilation tools, release 11.1, V11.1.105
Build cuda_11.1.TC455_06.29190527_0
0
cpu
Warning: Log dir ./data/1-2-3/sac_exp2_Hopper-v2/sac_exp2_Hopper-v2_s0 already exists! Storing info there anyway.
[32;1mLogging data to ./data/1-2-3/sac_exp2_Hopper-v2/sac_exp2_Hopper-v2_s0/progress.txt[0m
[36;1mSaving config:
[0m
{
    "alpha":	0.2,
    "auto_alpha":	false,
    "batch_size":	2,
    "debug":	true,
    "delay_update_steps":	"auto",
    "deterministic":	true,
    "device":	"cpu",
    "env_name":	"Hopper-v2",
    "epochs":	15,
    "eval":	"deterministic",
    "evaluate_bias":	true,
    "exp_name":	"sac_exp2_Hopper-v2",
    "gamma":	0.99,
    "hidden_sizes":	[
        2,
        2
    ],
    "logger":	{
        "<redq_modified.utils.logx.EpochLogger object at 0x7ff4f16fdeb0>":	{
            "epoch_dict":	{},
            "exp_name":	"sac_exp2_Hopper-v2",
            "first_row":	true,
            "log_current_row":	{},
            "log_headers":	[],
            "output_dir":	"./data/1-2-3/sac_exp2_Hopper-v2/sac_exp2_Hopper-v2_s0",
            "output_file":	{
                "<_io.TextIOWrapper name='./data/1-2-3/sac_exp2_Hopper-v2/sac_exp2_Hopper-v2_s0/progress.txt' mode='w' encoding='UTF-8'>":	{
                    "mode":	"w"
                }
            }
        }
    },
    "logger_kwargs":	{
        "exp_name":	"sac_exp2_Hopper-v2",
        "output_dir":	"./data/1-2-3/sac_exp2_Hopper-v2/sac_exp2_Hopper-v2_s0"
    },
    "lr":	0.0003,
    "max_ep_len":	100,
    "n_evals_per_epoch":	1,
    "n_mc_cutoff":	350,
    "n_mc_eval":	1000,
    "num_Q":	3,
    "num_min":	2,
    "policy_update_delay":	20,
    "polyak":	0.995,
    "q_target_mode":	"min",
    "replay_size":	1000000,
    "reseed_each_epoch":	true,
    "seed":	0,
    "start_steps":	100,
    "steps_per_epoch":	100,
    "target_entropy":	"mbpo",
    "total_steps":	1501,
    "utd_ratio":	2
}
-----------------------------------------
|               Epoch |               0 |
|   TotalEnvInteracts |              99 |
|                Time |           0.847 |
|        AverageEpRet |              18 |
|            StdEpRet |            11.7 |
|            MaxEpRet |            37.4 |
|            MinEpRet |            6.82 |
|               EpLen |              20 |
|    AverageTestEpRet |             103 |
|        StdTestEpRet |               0 |
|        MaxTestEpRet |             103 |
|        MinTestEpRet |             103 |
|           TestEpLen |             100 |
|       AverageQ1Vals |               0 |
|           StdQ1Vals |               0 |
|           MaxQ1Vals |               0 |
|           MinQ1Vals |               0 |
|              LossQ1 |               0 |
|        AverageLogPi |               0 |
|            StdLogPi |               0 |
|            MaxLogPi |               0 |
|            MinLogPi |               0 |
|              LossPi |               0 |
|        AverageAlpha |               0 |
|            StdAlpha |               0 |
|            MaxAlpha |               0 |
|            MinAlpha |               0 |
|           LossAlpha |               0 |
|      AveragePreTanh |               0 |
|          StdPreTanh |               0 |
|          MaxPreTanh |               0 |
|          MinPreTanh |               0 |
|     AverageMCDisRet |            9.21 |
|         StdMCDisRet |            10.6 |
|         MaxMCDisRet |            54.9 |
|         MinMCDisRet |           -3.14 |
|  AverageMCDisRetEnt |            13.7 |
|      StdMCDisRetEnt |            13.5 |
|      MaxMCDisRetEnt |              70 |
|      MinMCDisRetEnt |          -0.356 |
|        AverageQPred |           0.207 |
|            StdQPred |           0.247 |
|            MaxQPred |            1.17 |
|            MinQPred |          -0.707 |
|        AverageQBias |           -13.5 |
|            StdQBias |            13.5 |
|            MaxQBias |            1.38 |
|            MinQBias |           -69.9 |
|     AverageQBiasAbs |            13.5 |
|         StdQBiasAbs |            13.5 |
|         MaxQBiasAbs |            69.9 |
|         MinQBiasAbs |         0.00971 |
|    AverageNormQBias |          -0.705 |
|        StdNormQBias |            0.36 |
|        MaxNormQBias |           0.138 |
|        MinNormQBias |           -1.04 |
|     AverageQBiasSqr |             364 |
|         StdQBiasSqr |             757 |
|         MaxQBiasSqr |        4.89e+03 |
|         MinQBiasSqr |        9.43e-05 |
| AverageNormQBiasSqr |            12.6 |
|     StdNormQBiasSqr |              14 |
|     MaxNormQBiasSqr |            69.9 |
|     MinNormQBiasSqr |        9.43e-06 |
-----------------------------------------
-----------------------------------------
|               Epoch |               1 |
|   TotalEnvInteracts |             199 |
|                Time |            2.72 |
|        AverageEpRet |              24 |
|            StdEpRet |            12.8 |
|            MaxEpRet |            33.7 |
|            MinEpRet |            5.82 |
|               EpLen |            29.7 |
|    AverageTestEpRet |            87.3 |
|        StdTestEpRet |               0 |
|        MaxTestEpRet |            87.3 |
|        MinTestEpRet |            87.3 |
|           TestEpLen |             100 |
|       AverageQ1Vals |         -0.0351 |
|           StdQ1Vals |           0.195 |
|           MaxQ1Vals |          0.0559 |
|           MinQ1Vals |          -0.916 |
|              LossQ1 |            1.37 |
|        AverageLogPi |           -2.01 |
|            StdLogPi |           0.336 |
|            MaxLogPi |           -1.09 |
|            MinLogPi |            -2.7 |
|              LossPi |          -0.715 |
|        AverageAlpha |             0.2 |
|            StdAlpha |        5.96e-08 |
|            MaxAlpha |             0.2 |
|            MinAlpha |             0.2 |
|           LossAlpha |               0 |
|      AveragePreTanh |           0.793 |
|          StdPreTanh |           0.606 |
|          MaxPreTanh |            3.27 |
|          MinPreTanh |        0.000682 |
|     AverageMCDisRet |            13.3 |
|         StdMCDisRet |            18.6 |
|         MaxMCDisRet |            78.6 |
|         MinMCDisRet |           -4.42 |
|  AverageMCDisRetEnt |            18.3 |
|      StdMCDisRetEnt |            22.3 |
|      MaxMCDisRetEnt |            95.7 |
|      MinMCDisRetEnt |           -2.43 |
|        AverageQPred |           0.349 |
|            StdQPred |           0.248 |
|            MaxQPred |            1.36 |
|            MinQPred |          -0.465 |
|        AverageQBias |           -17.9 |
|            StdQBias |            22.3 |
|            MaxQBias |            2.46 |
|            MinQBias |           -95.5 |
|     AverageQBiasAbs |              18 |
|         StdQBiasAbs |            22.2 |
|         MaxQBiasAbs |            95.5 |
|         MinQBiasAbs |         0.00455 |
|    AverageNormQBias |          -0.697 |
|        StdNormQBias |           0.371 |
|        MaxNormQBias |           0.246 |
|        MinNormQBias |           -1.02 |
|     AverageQBiasSqr |             819 |
|         StdQBiasSqr |        1.86e+03 |
|         MaxQBiasSqr |        9.12e+03 |
|         MinQBiasSqr |        2.07e-05 |
| AverageNormQBiasSqr |            17.1 |
|     StdNormQBiasSqr |            22.6 |
|     MaxNormQBiasSqr |            95.3 |
|     MinNormQBiasSqr |        2.07e-06 |
-----------------------------------------
-----------------------------------------
|               Epoch |               2 |
|   TotalEnvInteracts |             299 |
|                Time |            4.55 |
|        AverageEpRet |            14.4 |
|            StdEpRet |             3.6 |
|            MaxEpRet |            17.8 |
|            MinEpRet |            8.72 |
|               EpLen |            21.8 |
|    AverageTestEpRet |            77.8 |
|        StdTestEpRet |               0 |
|        MaxTestEpRet |            77.8 |
|        MinTestEpRet |            77.8 |
|           TestEpLen |             100 |
|       AverageQ1Vals |           0.034 |
|           StdQ1Vals |           0.176 |
|           MaxQ1Vals |           0.111 |
|           MinQ1Vals |           -1.14 |
|              LossQ1 |            1.24 |
|        AverageLogPi |           -2.05 |
|            StdLogPi |           0.342 |
|            MaxLogPi |          -0.971 |
|            MinLogPi |           -2.71 |
|              LossPi |          -0.835 |
|        AverageAlpha |             0.2 |
|            StdAlpha |        5.96e-08 |
|            MaxAlpha |             0.2 |
|            MinAlpha |             0.2 |
|           LossAlpha |               0 |
|      AveragePreTanh |           0.761 |
|          StdPreTanh |           0.576 |
|          MaxPreTanh |            3.11 |
|          MinPreTanh |        0.000917 |
|     AverageMCDisRet |            6.93 |
|         StdMCDisRet |            8.25 |
|         MaxMCDisRet |            44.3 |
|         MinMCDisRet |           -3.62 |
|  AverageMCDisRetEnt |            11.5 |
|      StdMCDisRetEnt |            11.7 |
|      MaxMCDisRetEnt |            60.9 |
|      MinMCDisRetEnt |           -1.79 |
|        AverageQPred |           0.466 |
|            StdQPred |           0.234 |
|            MaxQPred |            1.35 |
|            MinQPred |          -0.224 |
|        AverageQBias |             -11 |
|            StdQBias |            11.7 |
|            MaxQBias |            2.55 |
|            MinQBias |           -60.5 |
|     AverageQBiasAbs |            11.1 |
|         StdQBiasAbs |            11.6 |
|         MaxQBiasAbs |            60.5 |
|         MinQBiasAbs |         0.00355 |
|    AverageNormQBias |          -0.622 |
|        StdNormQBias |           0.395 |
|        MaxNormQBias |           0.255 |
|        MinNormQBias |              -1 |
|     AverageQBiasSqr |             259 |
|         StdQBiasSqr |             534 |
|         MaxQBiasSqr |        3.66e+03 |
|         MinQBiasSqr |        1.26e-05 |
| AverageNormQBiasSqr |            10.1 |
|     StdNormQBiasSqr |              12 |
|     MaxNormQBiasSqr |            60.2 |
|     MinNormQBiasSqr |        1.26e-06 |
-----------------------------------------
-----------------------------------------
|               Epoch |               3 |
|   TotalEnvInteracts |             399 |
|                Time |            6.41 |
|        AverageEpRet |            11.9 |
|            StdEpRet |            4.46 |
|            MaxEpRet |            21.1 |
|            MinEpRet |             8.3 |
|               EpLen |            19.7 |
|    AverageTestEpRet |              85 |
|        StdTestEpRet |               0 |
|        MaxTestEpRet |              85 |
|        MinTestEpRet |              85 |
|           TestEpLen |             100 |
|       AverageQ1Vals |          0.0852 |
|           StdQ1Vals |           0.183 |
|           MaxQ1Vals |           0.166 |
|           MinQ1Vals |           -1.06 |
|              LossQ1 |            1.15 |
|        AverageLogPi |           -2.02 |
|            StdLogPi |           0.356 |
|            MaxLogPi |           -1.08 |
|            MinLogPi |           -2.83 |
|              LossPi |          -0.936 |
|        AverageAlpha |             0.2 |
|            StdAlpha |        5.96e-08 |
|            MaxAlpha |             0.2 |
|            MinAlpha |             0.2 |
|           LossAlpha |               0 |
|      AveragePreTanh |             0.8 |
|          StdPreTanh |           0.632 |
|          MaxPreTanh |            3.25 |
|          MinPreTanh |         0.00332 |
|     AverageMCDisRet |            12.6 |
|         StdMCDisRet |            14.6 |
|         MaxMCDisRet |            59.5 |
|         MinMCDisRet |           -3.57 |
|  AverageMCDisRetEnt |            17.7 |
|      StdMCDisRetEnt |            18.1 |
|      MaxMCDisRetEnt |            75.7 |
|      MinMCDisRetEnt |           -1.57 |
|        AverageQPred |           0.561 |
|            StdQPred |           0.257 |
|            MaxQPred |            1.68 |
|            MinQPred |          -0.295 |
|        AverageQBias |           -17.1 |
|            StdQBias |            18.1 |
|            MaxQBias |            2.31 |
|            MinQBias |           -75.3 |
|     AverageQBiasAbs |            17.2 |
|         StdQBiasAbs |            18.1 |
|         MaxQBiasAbs |            75.3 |
|         MinQBiasAbs |          0.0107 |
|    AverageNormQBias |          -0.698 |
|        StdNormQBias |           0.368 |
|        MaxNormQBias |           0.231 |
|        MinNormQBias |           -1.03 |
|     AverageQBiasSqr |             622 |
|         StdQBiasSqr |        1.13e+03 |
|         MaxQBiasSqr |        5.66e+03 |
|         MinQBiasSqr |        0.000114 |
| AverageNormQBiasSqr |            16.2 |
|     StdNormQBiasSqr |            18.4 |
|     MaxNormQBiasSqr |            74.8 |
|     MinNormQBiasSqr |        1.14e-05 |
-----------------------------------------
-----------------------------------------
|               Epoch |               4 |
|   TotalEnvInteracts |             499 |
|                Time |            8.22 |
|        AverageEpRet |            16.4 |
|            StdEpRet |            7.56 |
|            MaxEpRet |            29.9 |
|            MinEpRet |            9.76 |
|               EpLen |            18.4 |
|    AverageTestEpRet |            71.6 |
|        StdTestEpRet |               0 |
|        MaxTestEpRet |            71.6 |
|        MinTestEpRet |            71.6 |
|           TestEpLen |              99 |
|       AverageQ1Vals |           0.175 |
|           StdQ1Vals |          0.0996 |
|           MaxQ1Vals |           0.221 |
|           MinQ1Vals |          -0.572 |
|              LossQ1 |            1.07 |
|        AverageLogPi |           -1.99 |
|            StdLogPi |           0.331 |
|            MaxLogPi |           -1.13 |
|            MinLogPi |           -2.66 |
|              LossPi |           -1.04 |
|        AverageAlpha |             0.2 |
|            StdAlpha |        5.96e-08 |
|            MaxAlpha |             0.2 |
|            MinAlpha |             0.2 |
|           LossAlpha |               0 |
|      AveragePreTanh |           0.803 |
|          StdPreTanh |           0.607 |
|          MaxPreTanh |            2.67 |
|          MinPreTanh |         0.00096 |
|     AverageMCDisRet |            8.19 |
|         StdMCDisRet |            9.95 |
|         MaxMCDisRet |            56.5 |
|         MinMCDisRet |           -2.22 |
|  AverageMCDisRetEnt |            12.6 |
|      StdMCDisRetEnt |            12.6 |
|      MaxMCDisRetEnt |            72.8 |
|      MinMCDisRetEnt |          -0.747 |
|        AverageQPred |            0.66 |
|            StdQPred |           0.254 |
|            MaxQPred |             1.8 |
|            MinQPred |          -0.126 |
|        AverageQBias |           -11.9 |
|            StdQBias |            12.7 |
|            MaxQBias |            1.76 |
|            MinQBias |           -72.4 |
|     AverageQBiasAbs |              12 |
|         StdQBiasAbs |            12.5 |
|         MaxQBiasAbs |            72.4 |
|         MinQBiasAbs |         0.00515 |
|    AverageNormQBias |          -0.639 |
|        StdNormQBias |           0.384 |
|        MaxNormQBias |           0.176 |
|        MinNormQBias |          -0.995 |
|     AverageQBiasSqr |             303 |
|         StdQBiasSqr |             678 |
|         MaxQBiasSqr |        5.24e+03 |
|         MinQBiasSqr |        2.65e-05 |
| AverageNormQBiasSqr |              11 |
|     StdNormQBiasSqr |            12.9 |
|     MaxNormQBiasSqr |            71.9 |
|     MinNormQBiasSqr |        2.65e-06 |
-----------------------------------------
-----------------------------------------
|               Epoch |               5 |
|   TotalEnvInteracts |             599 |
|                Time |              10 |
|        AverageEpRet |              19 |
|            StdEpRet |            17.7 |
|            MaxEpRet |            53.9 |
|            MinEpRet |            6.92 |
|               EpLen |            21.4 |
|    AverageTestEpRet |            72.3 |
|        StdTestEpRet |               0 |
|        MaxTestEpRet |            72.3 |
|        MinTestEpRet |            72.3 |
|           TestEpLen |             100 |
|       AverageQ1Vals |            0.23 |
|           StdQ1Vals |           0.125 |
|           MaxQ1Vals |           0.281 |
|           MinQ1Vals |           -1.27 |
|              LossQ1 |            1.18 |
|        AverageLogPi |           -2.05 |
|            StdLogPi |           0.305 |
|            MaxLogPi |           -1.23 |
|            MinLogPi |           -2.62 |
|              LossPi |           -1.15 |
|        AverageAlpha |             0.2 |
|            StdAlpha |        5.96e-08 |
|            MaxAlpha |             0.2 |
|            MinAlpha |             0.2 |
|           LossAlpha |               0 |
|      AveragePreTanh |           0.756 |
|          StdPreTanh |           0.593 |
|          MaxPreTanh |            2.96 |
|          MinPreTanh |         0.00206 |
|     AverageMCDisRet |            16.7 |
|         StdMCDisRet |            19.2 |
|         MaxMCDisRet |            81.8 |
|         MinMCDisRet |           -4.53 |
|  AverageMCDisRetEnt |            22.9 |
|      StdMCDisRetEnt |            23.4 |
|      MaxMCDisRetEnt |             100 |
|      MinMCDisRetEnt |           -1.62 |
|        AverageQPred |           0.741 |
|            StdQPred |           0.256 |
|            MaxQPred |            1.76 |
|            MinQPred |           0.192 |
|        AverageQBias |           -22.2 |
|            StdQBias |            23.4 |
|            MaxQBias |            2.27 |
|            MinQBias |           -99.5 |
|     AverageQBiasAbs |            22.3 |
|         StdQBiasAbs |            23.3 |
|         MaxQBiasAbs |            99.5 |
|         MinQBiasAbs |           0.026 |
|    AverageNormQBias |          -0.743 |
|        StdNormQBias |           0.357 |
|        MaxNormQBias |           0.227 |
|        MinNormQBias |          -0.995 |
|     AverageQBiasSqr |        1.04e+03 |
|         StdQBiasSqr |        1.93e+03 |
|         MaxQBiasSqr |         9.9e+03 |
|         MinQBiasSqr |        0.000675 |
| AverageNormQBiasSqr |            21.3 |
|     StdNormQBiasSqr |            23.6 |
|     MaxNormQBiasSqr |              99 |
|     MinNormQBiasSqr |        6.75e-05 |
-----------------------------------------
-----------------------------------------
|               Epoch |               6 |
|   TotalEnvInteracts |             699 |
|                Time |            11.8 |
|        AverageEpRet |            15.3 |
|            StdEpRet |            6.37 |
|            MaxEpRet |            24.6 |
|            MinEpRet |            8.33 |
|               EpLen |            17.8 |
|    AverageTestEpRet |              74 |
|        StdTestEpRet |               0 |
|        MaxTestEpRet |              74 |
|        MinTestEpRet |              74 |
|           TestEpLen |             100 |
|       AverageQ1Vals |           0.276 |
|           StdQ1Vals |           0.176 |
|           MaxQ1Vals |           0.342 |
|           MinQ1Vals |           -1.08 |
|              LossQ1 |             1.3 |
|        AverageLogPi |           -2.02 |
|            StdLogPi |           0.331 |
|            MaxLogPi |           -1.16 |
|            MinLogPi |           -2.68 |
|              LossPi |           -1.18 |
|        AverageAlpha |             0.2 |
|            StdAlpha |        5.96e-08 |
|            MaxAlpha |             0.2 |
|            MinAlpha |             0.2 |
|           LossAlpha |               0 |
|      AveragePreTanh |           0.778 |
|          StdPreTanh |           0.583 |
|          MaxPreTanh |            3.39 |
|          MinPreTanh |         0.00369 |
|     AverageMCDisRet |            11.3 |
|         StdMCDisRet |            10.3 |
|         MaxMCDisRet |            51.3 |
|         MinMCDisRet |           -2.07 |
|  AverageMCDisRetEnt |            16.6 |
|      StdMCDisRetEnt |            13.7 |
|      MaxMCDisRetEnt |            68.8 |
|      MinMCDisRetEnt |          -0.951 |
|        AverageQPred |           0.875 |
|            StdQPred |           0.273 |
|            MaxQPred |            2.44 |
|            MinQPred |           0.228 |
|        AverageQBias |           -15.7 |
|            StdQBias |            13.7 |
|            MaxQBias |             2.1 |
|            MinQBias |           -68.2 |
|     AverageQBiasAbs |            15.8 |
|         StdQBiasAbs |            13.6 |
|         MaxQBiasAbs |            68.2 |
|         MinQBiasAbs |         0.00427 |
|    AverageNormQBias |          -0.719 |
|        StdNormQBias |            0.36 |
|        MaxNormQBias |            0.21 |
|        MinNormQBias |          -0.996 |
|     AverageQBiasSqr |             435 |
|         StdQBiasSqr |             682 |
|         MaxQBiasSqr |        4.65e+03 |
|         MinQBiasSqr |        1.82e-05 |
| AverageNormQBiasSqr |            14.7 |
|     StdNormQBiasSqr |            13.9 |
|     MaxNormQBiasSqr |            67.5 |
|     MinNormQBiasSqr |        1.82e-06 |
-----------------------------------------
-----------------------------------------
|               Epoch |               7 |
|   TotalEnvInteracts |             799 |
|                Time |            13.7 |
|        AverageEpRet |            15.7 |
|            StdEpRet |             3.5 |
|            MaxEpRet |            19.9 |
|            MinEpRet |            10.2 |
|               EpLen |            19.2 |
|    AverageTestEpRet |            81.8 |
|        StdTestEpRet |               0 |
|        MaxTestEpRet |            81.8 |
|        MinTestEpRet |            81.8 |
|           TestEpLen |             100 |
|       AverageQ1Vals |           0.361 |
|           StdQ1Vals |          0.0601 |
|           MaxQ1Vals |             0.4 |
|           MinQ1Vals |          -0.106 |
|              LossQ1 |            1.31 |
|        AverageLogPi |           -2.02 |
|            StdLogPi |           0.318 |
|            MaxLogPi |           -1.07 |
|            MinLogPi |           -2.61 |
|              LossPi |           -1.34 |
|        AverageAlpha |             0.2 |
|            StdAlpha |        5.96e-08 |
|            MaxAlpha |             0.2 |
|            MinAlpha |             0.2 |
|           LossAlpha |               0 |
|      AveragePreTanh |           0.774 |
|          StdPreTanh |           0.584 |
|          MaxPreTanh |            2.76 |
|          MinPreTanh |        0.000751 |
|     AverageMCDisRet |            13.6 |
|         StdMCDisRet |            17.4 |
|         MaxMCDisRet |            71.9 |
|         MinMCDisRet |           -3.43 |
|  AverageMCDisRetEnt |            19.5 |
|      StdMCDisRetEnt |            21.4 |
|      MaxMCDisRetEnt |            92.2 |
|      MinMCDisRetEnt |           -1.69 |
|        AverageQPred |             0.9 |
|            StdQPred |           0.256 |
|            MaxQPred |            1.93 |
|            MinQPred |           0.246 |
|        AverageQBias |           -18.6 |
|            StdQBias |            21.5 |
|            MaxQBias |            2.38 |
|            MinQBias |           -91.5 |
|     AverageQBiasAbs |            18.7 |
|         StdQBiasAbs |            21.3 |
|         MaxQBiasAbs |            91.5 |
|         MinQBiasAbs |          0.0298 |
|    AverageNormQBias |          -0.691 |
|        StdNormQBias |           0.371 |
|        MaxNormQBias |           0.238 |
|        MinNormQBias |          -0.994 |
|     AverageQBiasSqr |             804 |
|         StdQBiasSqr |         1.7e+03 |
|         MaxQBiasSqr |        8.38e+03 |
|         MinQBiasSqr |        0.000887 |
| AverageNormQBiasSqr |            17.6 |
|     StdNormQBiasSqr |            21.6 |
|     MaxNormQBiasSqr |            90.9 |
|     MinNormQBiasSqr |        8.87e-05 |
-----------------------------------------
-----------------------------------------
|               Epoch |               8 |
|   TotalEnvInteracts |             899 |
|                Time |            15.5 |
|        AverageEpRet |            14.8 |
|            StdEpRet |            5.43 |
|            MaxEpRet |            21.8 |
|            MinEpRet |            7.01 |
|               EpLen |            19.3 |
|    AverageTestEpRet |            87.3 |
|        StdTestEpRet |               0 |
|        MaxTestEpRet |            87.3 |
|        MinTestEpRet |            87.3 |
|           TestEpLen |             100 |
|       AverageQ1Vals |           0.421 |
|           StdQ1Vals |          0.0564 |
|           MaxQ1Vals |           0.457 |
|           MinQ1Vals |          -0.151 |
|              LossQ1 |             1.2 |
|        AverageLogPi |           -2.05 |
|            StdLogPi |           0.302 |
|            MaxLogPi |           -1.12 |
|            MinLogPi |           -2.63 |
|              LossPi |           -1.41 |
|        AverageAlpha |             0.2 |
|            StdAlpha |        5.96e-08 |
|            MaxAlpha |             0.2 |
|            MinAlpha |             0.2 |
|           LossAlpha |               0 |
|      AveragePreTanh |           0.752 |
|          StdPreTanh |           0.586 |
|          MaxPreTanh |            2.88 |
|          MinPreTanh |         0.00189 |
|     AverageMCDisRet |            11.3 |
|         StdMCDisRet |            12.1 |
|         MaxMCDisRet |            61.7 |
|         MinMCDisRet |            -2.5 |
|  AverageMCDisRetEnt |              16 |
|      StdMCDisRetEnt |            14.9 |
|      MaxMCDisRetEnt |            77.3 |
|      MinMCDisRetEnt |          -0.455 |
|        AverageQPred |            1.01 |
|            StdQPred |           0.264 |
|            MaxQPred |            1.97 |
|            MinQPred |           0.615 |
|        AverageQBias |             -15 |
|            StdQBias |              15 |
|            MaxQBias |            1.91 |
|            MinQBias |           -76.6 |
|     AverageQBiasAbs |            15.2 |
|         StdQBiasAbs |            14.8 |
|         MaxQBiasAbs |            76.6 |
|         MinQBiasAbs |           0.026 |
|    AverageNormQBias |          -0.691 |
|        StdNormQBias |           0.366 |
|        MaxNormQBias |           0.191 |
|        MinNormQBias |          -0.991 |
|     AverageQBiasSqr |             449 |
|         StdQBiasSqr |             869 |
|         MaxQBiasSqr |        5.86e+03 |
|         MinQBiasSqr |        0.000676 |
| AverageNormQBiasSqr |              14 |
|     StdNormQBiasSqr |              15 |
|     MaxNormQBiasSqr |            75.9 |
|     MinNormQBiasSqr |        6.76e-05 |
-----------------------------------------
-----------------------------------------
|               Epoch |               9 |
|   TotalEnvInteracts |             999 |
|                Time |            17.4 |
|        AverageEpRet |              13 |
|            StdEpRet |            3.18 |
|            MaxEpRet |            18.3 |
|            MinEpRet |            9.31 |
|               EpLen |            16.8 |
|    AverageTestEpRet |            91.6 |
|        StdTestEpRet |               0 |
|        MaxTestEpRet |            91.6 |
|        MinTestEpRet |            91.6 |
|           TestEpLen |             100 |
|       AverageQ1Vals |            0.47 |
|           StdQ1Vals |          0.0961 |
|           MaxQ1Vals |           0.515 |
|           MinQ1Vals |          -0.586 |
|              LossQ1 |            1.19 |
|        AverageLogPi |           -2.01 |
|            StdLogPi |           0.323 |
|            MaxLogPi |           -1.05 |
|            MinLogPi |           -2.61 |
|              LossPi |           -1.46 |
|        AverageAlpha |             0.2 |
|            StdAlpha |        5.96e-08 |
|            MaxAlpha |             0.2 |
|            MinAlpha |             0.2 |
|           LossAlpha |               0 |
|      AveragePreTanh |            0.75 |
|          StdPreTanh |           0.529 |
|          MaxPreTanh |            2.61 |
|          MinPreTanh |         0.00367 |
|     AverageMCDisRet |            9.36 |
|         StdMCDisRet |            9.08 |
|         MaxMCDisRet |            39.8 |
|         MinMCDisRet |           -3.34 |
|  AverageMCDisRetEnt |              14 |
|      StdMCDisRetEnt |            12.1 |
|      MaxMCDisRetEnt |            53.5 |
|      MinMCDisRetEnt |           -1.08 |
|        AverageQPred |            1.09 |
|            StdQPred |           0.265 |
|            MaxQPred |            2.14 |
|            MinQPred |           0.668 |
|        AverageQBias |           -12.9 |
|            StdQBias |            12.2 |
|            MaxQBias |            1.92 |
|            MinQBias |           -52.7 |
|     AverageQBiasAbs |            13.1 |
|         StdQBiasAbs |            12.1 |
|         MaxQBiasAbs |            52.7 |
|         MinQBiasAbs |         0.00891 |
|    AverageNormQBias |          -0.663 |
|        StdNormQBias |           0.368 |
|        MaxNormQBias |           0.192 |
|        MinNormQBias |          -0.986 |
|     AverageQBiasSqr |             317 |
|         StdQBiasSqr |             533 |
|         MaxQBiasSqr |        2.78e+03 |
|         MinQBiasSqr |        7.95e-05 |
| AverageNormQBiasSqr |            11.8 |
|     StdNormQBiasSqr |            12.3 |
|     MaxNormQBiasSqr |              52 |
|     MinNormQBiasSqr |        7.95e-06 |
-----------------------------------------
-----------------------------------------
|               Epoch |              10 |
|   TotalEnvInteracts |         1.1e+03 |
|                Time |            19.2 |
|        AverageEpRet |            17.4 |
|            StdEpRet |            12.6 |
|            MaxEpRet |            33.5 |
|            MinEpRet |            3.84 |
|               EpLen |            24.2 |
|    AverageTestEpRet |            80.2 |
|        StdTestEpRet |               0 |
|        MaxTestEpRet |            80.2 |
|        MinTestEpRet |            80.2 |
|           TestEpLen |              85 |
|       AverageQ1Vals |           0.535 |
|           StdQ1Vals |          0.0798 |
|           MaxQ1Vals |           0.574 |
|           MinQ1Vals |          -0.421 |
|              LossQ1 |            1.29 |
|        AverageLogPi |           -1.99 |
|            StdLogPi |           0.301 |
|            MaxLogPi |           -1.31 |
|            MinLogPi |            -2.6 |
|              LossPi |           -1.57 |
|        AverageAlpha |             0.2 |
|            StdAlpha |        5.96e-08 |
|            MaxAlpha |             0.2 |
|            MinAlpha |             0.2 |
|           LossAlpha |               0 |
|      AveragePreTanh |             0.8 |
|          StdPreTanh |           0.568 |
|          MaxPreTanh |            2.86 |
|          MinPreTanh |        4.65e-05 |
|     AverageMCDisRet |            11.4 |
|         StdMCDisRet |            16.9 |
|         MaxMCDisRet |            90.8 |
|         MinMCDisRet |            -2.7 |
|  AverageMCDisRetEnt |            16.1 |
|      StdMCDisRetEnt |            20.2 |
|      MaxMCDisRetEnt |             112 |
|      MinMCDisRetEnt |           -1.06 |
|        AverageQPred |            1.19 |
|            StdQPred |           0.298 |
|            MaxQPred |            2.33 |
|            MinQPred |           0.735 |
|        AverageQBias |             -15 |
|            StdQBias |            20.2 |
|            MaxQBias |            1.92 |
|            MinQBias |            -111 |
|     AverageQBiasAbs |            15.1 |
|         StdQBiasAbs |            20.1 |
|         MaxQBiasAbs |             111 |
|         MinQBiasAbs |         0.00673 |
|    AverageNormQBias |          -0.643 |
|        StdNormQBias |           0.376 |
|        MaxNormQBias |           0.192 |
|        MinNormQBias |          -0.992 |
|     AverageQBiasSqr |             633 |
|         StdQBiasSqr |        1.93e+03 |
|         MaxQBiasSqr |        1.23e+04 |
|         MinQBiasSqr |        4.53e-05 |
| AverageNormQBiasSqr |            13.8 |
|     StdNormQBiasSqr |            20.2 |
|     MaxNormQBiasSqr |             110 |
|     MinNormQBiasSqr |        4.53e-06 |
-----------------------------------------
-----------------------------------------
|               Epoch |              11 |
|   TotalEnvInteracts |         1.2e+03 |
|                Time |            21.1 |
|        AverageEpRet |            11.1 |
|            StdEpRet |             1.9 |
|            MaxEpRet |            14.6 |
|            MinEpRet |            8.78 |
|               EpLen |            19.8 |
|    AverageTestEpRet |             101 |
|        StdTestEpRet |               0 |
|        MaxTestEpRet |             101 |
|        MinTestEpRet |             101 |
|           TestEpLen |             100 |
|       AverageQ1Vals |           0.598 |
|           StdQ1Vals |          0.0569 |
|           MaxQ1Vals |           0.632 |
|           MinQ1Vals |          0.0526 |
|              LossQ1 |            1.26 |
|        AverageLogPi |           -2.03 |
|            StdLogPi |           0.307 |
|            MaxLogPi |           -1.19 |
|            MinLogPi |           -2.69 |
|              LossPi |           -1.65 |
|        AverageAlpha |             0.2 |
|            StdAlpha |        5.96e-08 |
|            MaxAlpha |             0.2 |
|            MinAlpha |             0.2 |
|           LossAlpha |               0 |
|      AveragePreTanh |           0.777 |
|          StdPreTanh |           0.596 |
|          MaxPreTanh |             3.1 |
|          MinPreTanh |         0.00275 |
|     AverageMCDisRet |            14.1 |
|         StdMCDisRet |            15.3 |
|         MaxMCDisRet |            65.3 |
|         MinMCDisRet |           -3.36 |
|  AverageMCDisRetEnt |            19.7 |
|      StdMCDisRetEnt |            19.1 |
|      MaxMCDisRetEnt |            81.1 |
|      MinMCDisRetEnt |           -1.44 |
|        AverageQPred |            1.24 |
|            StdQPred |           0.272 |
|            MaxQPred |            2.42 |
|            MinQPred |           0.631 |
|        AverageQBias |           -18.5 |
|            StdQBias |            19.1 |
|            MaxQBias |            2.33 |
|            MinQBias |           -80.2 |
|     AverageQBiasAbs |            18.7 |
|         StdQBiasAbs |            18.9 |
|         MaxQBiasAbs |            80.2 |
|         MinQBiasAbs |          0.0247 |
|    AverageNormQBias |          -0.676 |
|        StdNormQBias |           0.383 |
|        MaxNormQBias |           0.233 |
|        MinNormQBias |          -0.989 |
|     AverageQBiasSqr |             706 |
|         StdQBiasSqr |        1.22e+03 |
|         MaxQBiasSqr |        6.44e+03 |
|         MinQBiasSqr |        0.000608 |
| AverageNormQBiasSqr |            17.4 |
|     StdNormQBiasSqr |              19 |
|     MaxNormQBiasSqr |            79.4 |
|     MinNormQBiasSqr |        6.08e-05 |
-----------------------------------------
-----------------------------------------
|               Epoch |              12 |
|   TotalEnvInteracts |         1.3e+03 |
|                Time |            22.9 |
|        AverageEpRet |            12.2 |
|            StdEpRet |            5.58 |
|            MaxEpRet |            20.8 |
|            MinEpRet |            5.08 |
|               EpLen |            14.8 |
|    AverageTestEpRet |            64.3 |
|        StdTestEpRet |               0 |
|        MaxTestEpRet |            64.3 |
|        MinTestEpRet |            64.3 |
|           TestEpLen |              62 |
|       AverageQ1Vals |           0.658 |
|           StdQ1Vals |          0.0243 |
|           MaxQ1Vals |           0.689 |
|           MinQ1Vals |           0.467 |
|              LossQ1 |            1.18 |
|        AverageLogPi |           -2.04 |
|            StdLogPi |           0.283 |
|            MaxLogPi |           -1.14 |
|            MinLogPi |           -2.62 |
|              LossPi |            -1.7 |
|        AverageAlpha |             0.2 |
|            StdAlpha |        5.96e-08 |
|            MaxAlpha |             0.2 |
|            MinAlpha |             0.2 |
|           LossAlpha |               0 |
|      AveragePreTanh |           0.742 |
|          StdPreTanh |           0.559 |
|          MaxPreTanh |            2.81 |
|          MinPreTanh |         0.00409 |
|     AverageMCDisRet |            10.1 |
|         StdMCDisRet |            9.78 |
|         MaxMCDisRet |            49.8 |
|         MinMCDisRet |           -4.12 |
|  AverageMCDisRetEnt |            14.3 |
|      StdMCDisRetEnt |            12.3 |
|      MaxMCDisRetEnt |            64.1 |
|      MinMCDisRetEnt |           -1.71 |
|        AverageQPred |            1.36 |
|            StdQPred |           0.267 |
|            MaxQPred |            2.38 |
|            MinQPred |           0.872 |
|        AverageQBias |             -13 |
|            StdQBias |            12.4 |
|            MaxQBias |            2.92 |
|            MinQBias |             -63 |
|     AverageQBiasAbs |            13.2 |
|         StdQBiasAbs |            12.1 |
|         MaxQBiasAbs |              63 |
|         MinQBiasAbs |          0.0108 |
|    AverageNormQBias |          -0.657 |
|        StdNormQBias |           0.372 |
|        MaxNormQBias |           0.292 |
|        MinNormQBias |          -0.983 |
|     AverageQBiasSqr |             321 |
|         StdQBiasSqr |             578 |
|         MaxQBiasSqr |        3.96e+03 |
|         MinQBiasSqr |        0.000117 |
| AverageNormQBiasSqr |            11.8 |
|     StdNormQBiasSqr |            12.2 |
|     MaxNormQBiasSqr |            61.9 |
|     MinNormQBiasSqr |        1.17e-05 |
-----------------------------------------
-----------------------------------------
|               Epoch |              13 |
|   TotalEnvInteracts |         1.4e+03 |
|                Time |            24.7 |
|        AverageEpRet |              31 |
|            StdEpRet |            17.2 |
|            MaxEpRet |            53.5 |
|            MinEpRet |            11.7 |
|               EpLen |            33.3 |
|    AverageTestEpRet |            87.6 |
|        StdTestEpRet |               0 |
|        MaxTestEpRet |            87.6 |
|        MinTestEpRet |            87.6 |
|           TestEpLen |              78 |
|       AverageQ1Vals |           0.716 |
|           StdQ1Vals |          0.0307 |
|           MaxQ1Vals |           0.748 |
|           MinQ1Vals |           0.402 |
|              LossQ1 |            1.35 |
|        AverageLogPi |           -2.02 |
|            StdLogPi |           0.278 |
|            MaxLogPi |           -1.13 |
|            MinLogPi |           -2.94 |
|              LossPi |           -1.78 |
|        AverageAlpha |             0.2 |
|            StdAlpha |        5.96e-08 |
|            MaxAlpha |             0.2 |
|            MinAlpha |             0.2 |
|           LossAlpha |               0 |
|      AveragePreTanh |            0.77 |
|          StdPreTanh |           0.577 |
|          MaxPreTanh |            3.07 |
|          MinPreTanh |         0.00189 |
|     AverageMCDisRet |            11.3 |
|         StdMCDisRet |            12.6 |
|         MaxMCDisRet |            60.5 |
|         MinMCDisRet |           -1.87 |
|  AverageMCDisRetEnt |            16.3 |
|      StdMCDisRetEnt |            16.1 |
|      MaxMCDisRetEnt |            75.1 |
|      MinMCDisRetEnt |          -0.555 |
|        AverageQPred |            1.41 |
|            StdQPred |            0.26 |
|            MaxQPred |            2.42 |
|            MinQPred |           0.964 |
|        AverageQBias |           -14.9 |
|            StdQBias |            16.1 |
|            MaxQBias |            2.01 |
|            MinQBias |           -73.9 |
|     AverageQBiasAbs |            15.1 |
|         StdQBiasAbs |            15.9 |
|         MaxQBiasAbs |            73.9 |
|         MinQBiasAbs |         0.00916 |
|    AverageNormQBias |          -0.644 |
|        StdNormQBias |           0.378 |
|        MaxNormQBias |           0.201 |
|        MinNormQBias |          -0.984 |
|     AverageQBiasSqr |             482 |
|         StdQBiasSqr |             922 |
|         MaxQBiasSqr |        5.46e+03 |
|         MinQBiasSqr |         8.4e-05 |
| AverageNormQBiasSqr |            13.7 |
|     StdNormQBiasSqr |              16 |
|     MaxNormQBiasSqr |            72.7 |
|     MinNormQBiasSqr |         8.4e-06 |
-----------------------------------------
-----------------------------------------
|               Epoch |              14 |
|   TotalEnvInteracts |         1.5e+03 |
|                Time |            26.6 |
|        AverageEpRet |            14.8 |
|            StdEpRet |            11.3 |
|            MaxEpRet |            39.6 |
|            MinEpRet |            7.15 |
|               EpLen |            15.5 |
|    AverageTestEpRet |            55.9 |
|        StdTestEpRet |               0 |
|        MaxTestEpRet |            55.9 |
|        MinTestEpRet |            55.9 |
|           TestEpLen |              54 |
|       AverageQ1Vals |           0.773 |
|           StdQ1Vals |          0.0416 |
|           MaxQ1Vals |           0.806 |
|           MinQ1Vals |           0.342 |
|              LossQ1 |            1.16 |
|        AverageLogPi |           -2.05 |
|            StdLogPi |           0.263 |
|            MaxLogPi |           -1.45 |
|            MinLogPi |           -2.91 |
|              LossPi |           -1.84 |
|        AverageAlpha |             0.2 |
|            StdAlpha |        5.96e-08 |
|            MaxAlpha |             0.2 |
|            MinAlpha |             0.2 |
|           LossAlpha |               0 |
|      AveragePreTanh |           0.715 |
|          StdPreTanh |           0.542 |
|          MaxPreTanh |            2.77 |
|          MinPreTanh |        0.000179 |
|     AverageMCDisRet |            11.7 |
|         StdMCDisRet |            11.1 |
|         MaxMCDisRet |            49.3 |
|         MinMCDisRet |           -4.18 |
|  AverageMCDisRetEnt |            16.9 |
|      StdMCDisRetEnt |            14.4 |
|      MaxMCDisRetEnt |            66.7 |
|      MinMCDisRetEnt |           -1.45 |
|        AverageQPred |            1.47 |
|            StdQPred |           0.237 |
|            MaxQPred |            2.45 |
|            MinQPred |           0.985 |
|        AverageQBias |           -15.4 |
|            StdQBias |            14.5 |
|            MaxQBias |            2.47 |
|            MinQBias |           -65.5 |
|     AverageQBiasAbs |            15.6 |
|         StdQBiasAbs |            14.3 |
|         MaxQBiasAbs |            65.5 |
|         MinQBiasAbs |         0.00011 |
|    AverageNormQBias |          -0.671 |
|        StdNormQBias |           0.372 |
|        MaxNormQBias |           0.247 |
|        MinNormQBias |          -0.982 |
|     AverageQBiasSqr |             448 |
|         StdQBiasSqr |             726 |
|         MaxQBiasSqr |        4.29e+03 |
|         MinQBiasSqr |        1.21e-08 |
| AverageNormQBiasSqr |            14.2 |
|     StdNormQBiasSqr |            14.3 |
|     MaxNormQBiasSqr |            64.3 |
|     MinNormQBiasSqr |        1.21e-09 |
-----------------------------------------
DONE
